The system is: Linux - 6.0.0-5-amd64 - x86_64
Compiling the C compiler identification source file "CMakeCCompilerId.c" succeeded.
Compiler: /usr/bin/cc 
Build flags: -g;-O2;-ffile-prefix-map=/home/debian/Lxqt1.3/lxqt-notificationd/lxqt-notificationd-1.3.0=.;-fstack-protector-strong;-Wformat;-Werror=format-security;-Wdate-time;-D_FORTIFY_SOURCE=2
Id flags:  

The output was:
0


Compilation of the C compiler identification source "CMakeCCompilerId.c" produced "a.out"

The C compiler identification is GNU, found in "/home/debian/Lxqt1.3/lxqt-notificationd/lxqt-notificationd-1.3.0/obj-x86_64-linux-gnu/CMakeFiles/3.25.1/CompilerIdC/a.out"

Compiling the CXX compiler identification source file "CMakeCXXCompilerId.cpp" succeeded.
Compiler: /usr/bin/c++ 
Build flags: -g;-O2;-ffile-prefix-map=/home/debian/Lxqt1.3/lxqt-notificationd/lxqt-notificationd-1.3.0=.;-fstack-protector-strong;-Wformat;-Werror=format-security;-Wdate-time;-D_FORTIFY_SOURCE=2
Id flags:  

The output was:
0


Compilation of the CXX compiler identification source "CMakeCXXCompilerId.cpp" produced "a.out"

The CXX compiler identification is GNU, found in "/home/debian/Lxqt1.3/lxqt-notificationd/lxqt-notificationd-1.3.0/obj-x86_64-linux-gnu/CMakeFiles/3.25.1/CompilerIdCXX/a.out"

Detecting C compiler ABI info compiled with the following output:
Change Dir: /home/debian/Lxqt1.3/lxqt-notificationd/lxqt-notificationd-1.3.0/obj-x86_64-linux-gnu/CMakeFiles/CMakeScratch/TryCompile-2EuiZt

Run Build Command(s):/usr/bin/gmake -f Makefile cmTC_181b0/fast && gmake[2]: Entering directory '/home/debian/Lxqt1.3/lxqt-notificationd/lxqt-notificationd-1.3.0/obj-x86_64-linux-gnu/CMakeFiles/CMakeScratch/TryCompile-2EuiZt'
/usr/bin/gmake  -f CMakeFiles/cmTC_181b0.dir/build.make CMakeFiles/cmTC_181b0.dir/build
gmake[3]: Entering directory '/home/debian/Lxqt1.3/lxqt-notificationd/lxqt-notificationd-1.3.0/obj-x86_64-linux-gnu/CMakeFiles/CMakeScratch/TryCompile-2EuiZt'
Building C object CMakeFiles/cmTC_181b0.dir/CMakeCCompilerABI.c.o
/usr/bin/cc   -g -O2 -ffile-prefix-map=/home/debian/Lxqt1.3/lxqt-notificationd/lxqt-notificationd-1.3.0=. -fstack-protector-strong -Wformat -Wdate-time -D_FORTIFY_SOURCE=2    -v -o CMakeFiles/cmTC_181b0.dir/CMakeCCompilerABI.c.o -c /usr/share/cmake-3.25/Modules/CMakeCCompilerABI.c
Using built-in specs.
COLLECT_GCC=/usr/bin/cc
OFFLOAD_TARGET_NAMES=nvptx-none:amdgcn-amdhsa
OFFLOAD_TARGET_DEFAULT=1
Target: x86_64-linux-gnu
Configured with: ../src/configure -v --with-pkgversion='Debian 12.2.0-14' --with-bugurl=file:///usr/share/doc/gcc-12/README.Bugs --enable-languages=c,ada,c++,go,d,fortran,objc,obj-c++,m2 --prefix=/usr --with-gcc-major-version-only --program-suffix=-12 --program-prefix=x86_64-linux-gnu- --enable-shared --enable-linker-build-id --libexecdir=/usr/lib --without-included-gettext --enable-threads=posix --libdir=/usr/lib --enable-nls --enable-clocale=gnu --enable-libstdcxx-debug --enable-libstdcxx-time=yes --with-default-libstdcxx-abi=new --enable-gnu-unique-object --disable-vtable-verify --enable-plugin --enable-default-pie --with-system-zlib --enable-libphobos-checking=release --with-target-system-zlib=auto --enable-objc-gc=auto --enable-multiarch --disable-werror --enable-cet --with-arch-32=i686 --with-abi=m64 --with-multilib-list=m32,m64,mx32 --enable-multilib --with-tune=generic --enable-offload-targets=nvptx-none=/build/gcc-12-bTRWOB/gcc-12-12.2.0/debian/tmp-nvptx/usr,amdgcn-amdhsa=/build/gcc-12-bTRWOB/gcc-12-12.2.0/debian/tmp-gcn/usr --enable-offload-defaulted --without-cuda-driver --enable-checking=release --build=x86_64-linux-gnu --host=x86_64-linux-gnu --target=x86_64-linux-gnu
Thread model: posix
Supported LTO compression algorithms: zlib zstd
gcc version 12.2.0 (Debian 12.2.0-14) 
COLLECT_GCC_OPTIONS='-g' '-O2' '-ffile-prefix-map=/home/debian/Lxqt1.3/lxqt-notificationd/lxqt-notificationd-1.3.0=.' '-fstack-protector-strong' '-Wformat=1' '-Wdate-time' '-D' '_FORTIFY_SOURCE=2' '-v' '-o' 'CMakeFiles/cmTC_181b0.dir/CMakeCCompilerABI.c.o' '-c' '-mtune=generic' '-march=x86-64' '-dumpdir' 'CMakeFiles/cmTC_181b0.dir/'
 /usr/lib/gcc/x86_64-linux-gnu/12/cc1 -quiet -v -imultiarch x86_64-linux-gnu -D _FORTIFY_SOURCE=2 /usr/share/cmake-3.25/Modules/CMakeCCompilerABI.c -quiet -dumpdir CMakeFiles/cmTC_181b0.dir/ -dumpbase CMakeCCompilerABI.c.c -dumpbase-ext .c -mtune=generic -march=x86-64 -g -O2 -Wformat=1 -Wdate-time -version -ffile-prefix-map=/home/debian/Lxqt1.3/lxqt-notificationd/lxqt-notificationd-1.3.0=. -fstack-protector-strong -fasynchronous-unwind-tables -o /tmp/ccsPJHpm.s
GNU C17 (Debian 12.2.0-14) version 12.2.0 (x86_64-linux-gnu)
	compiled by GNU C version 12.2.0, GMP version 6.2.1, MPFR version 4.1.1-p1, MPC version 1.3.1, isl version isl-0.25-GMP

warning: MPFR header version 4.1.1-p1 differs from library version 4.2.0.
GGC heuristics: --param ggc-min-expand=100 --param ggc-min-heapsize=131072
ignoring nonexistent directory "/usr/local/include/x86_64-linux-gnu"
ignoring nonexistent directory "/usr/lib/gcc/x86_64-linux-gnu/12/include-fixed"
ignoring nonexistent directory "/usr/lib/gcc/x86_64-linux-gnu/12/../../../../x86_64-linux-gnu/include"
#include "..." search starts here:
#include <...> search starts here:
 /usr/lib/gcc/x86_64-linux-gnu/12/include
 /usr/local/include
 /usr/include/x86_64-linux-gnu
 /usr/include
End of search list.
GNU C17 (Debian 12.2.0-14) version 12.2.0 (x86_64-linux-gnu)
	compiled by GNU C version 12.2.0, GMP version 6.2.1, MPFR version 4.1.1-p1, MPC version 1.3.1, isl version isl-0.25-GMP

warning: MPFR header version 4.1.1-p1 differs from library version 4.2.0.
GGC heuristics: --param ggc-min-expand=100 --param ggc-min-heapsize=131072
Compiler executable checksum: cc72d2b9b5048fedc2be9051c917b40b
COLLECT_GCC_OPTIONS='-g' '-O2' '-ffile-prefix-map=/home/debian/Lxqt1.3/lxqt-notificationd/lxqt-notificationd-1.3.0=.' '-fstack-protector-strong' '-Wformat=1' '-Wdate-time' '-D' '_FORTIFY_SOURCE=2' '-v' '-o' 'CMakeFiles/cmTC_181b0.dir/CMakeCCompilerABI.c.o' '-c' '-mtune=generic' '-march=x86-64' '-dumpdir' 'CMakeFiles/cmTC_181b0.dir/'
 as -v --gdwarf-5 --64 -o CMakeFiles/cmTC_181b0.dir/CMakeCCompilerABI.c.o /tmp/ccsPJHpm.s
GNU assembler version 2.40 (x86_64-linux-gnu) using BFD version (GNU Binutils for Debian) 2.40
COMPILER_PATH=/usr/lib/gcc/x86_64-linux-gnu/12/:/usr/lib/gcc/x86_64-linux-gnu/12/:/usr/lib/gcc/x86_64-linux-gnu/:/usr/lib/gcc/x86_64-linux-gnu/12/:/usr/lib/gcc/x86_64-linux-gnu/
LIBRARY_PATH=/usr/lib/gcc/x86_64-linux-gnu/12/:/usr/lib/gcc/x86_64-linux-gnu/12/../../../x86_64-linux-gnu/:/usr/lib/gcc/x86_64-linux-gnu/12/../../../../lib/:/lib/x86_64-linux-gnu/:/lib/../lib/:/usr/lib/x86_64-linux-gnu/:/usr/lib/../lib/:/usr/lib/gcc/x86_64-linux-gnu/12/../../../:/lib/:/usr/lib/
COLLECT_GCC_OPTIONS='-g' '-O2' '-ffile-prefix-map=/home/debian/Lxqt1.3/lxqt-notificationd/lxqt-notificationd-1.3.0=.' '-fstack-protector-strong' '-Wformat=1' '-Wdate-time' '-D' '_FORTIFY_SOURCE=2' '-v' '-o' 'CMakeFiles/cmTC_181b0.dir/CMakeCCompilerABI.c.o' '-c' '-mtune=generic' '-march=x86-64' '-dumpdir' 'CMakeFiles/cmTC_181b0.dir/CMakeCCompilerABI.c.'
Linking C executable cmTC_181b0
/usr/bin/cmake -E cmake_link_script CMakeFiles/cmTC_181b0.dir/link.txt --verbose=1
/usr/bin/cc -g -O2 -ffile-prefix-map=/home/debian/Lxqt1.3/lxqt-notificationd/lxqt-notificationd-1.3.0=. -fstack-protector-strong -Wformat -Wdate-time -D_FORTIFY_SOURCE=2  -Wl,-z,relro -Wl,-z,now -v -rdynamic CMakeFiles/cmTC_181b0.dir/CMakeCCompilerABI.c.o -o cmTC_181b0 
Using built-in specs.
COLLECT_GCC=/usr/bin/cc
COLLECT_LTO_WRAPPER=/usr/lib/gcc/x86_64-linux-gnu/12/lto-wrapper
OFFLOAD_TARGET_NAMES=nvptx-none:amdgcn-amdhsa
OFFLOAD_TARGET_DEFAULT=1
Target: x86_64-linux-gnu
Configured with: ../src/configure -v --with-pkgversion='Debian 12.2.0-14' --with-bugurl=file:///usr/share/doc/gcc-12/README.Bugs --enable-languages=c,ada,c++,go,d,fortran,objc,obj-c++,m2 --prefix=/usr --with-gcc-major-version-only --program-suffix=-12 --program-prefix=x86_64-linux-gnu- --enable-shared --enable-linker-build-id --libexecdir=/usr/lib --without-included-gettext --enable-threads=posix --libdir=/usr/lib --enable-nls --enable-clocale=gnu --enable-libstdcxx-debug --enable-libstdcxx-time=yes --with-default-libstdcxx-abi=new --enable-gnu-unique-object --disable-vtable-verify --enable-plugin --enable-default-pie --with-system-zlib --enable-libphobos-checking=release --with-target-system-zlib=auto --enable-objc-gc=auto --enable-multiarch --disable-werror --enable-cet --with-arch-32=i686 --with-abi=m64 --with-multilib-list=m32,m64,mx32 --enable-multilib --with-tune=generic --enable-offload-targets=nvptx-none=/build/gcc-12-bTRWOB/gcc-12-12.2.0/debian/tmp-nvptx/usr,amdgcn-amdhsa=/build/gcc-12-bTRWOB/gcc-12-12.2.0/debian/tmp-gcn/usr --enable-offload-defaulted --without-cuda-driver --enable-checking=release --build=x86_64-linux-gnu --host=x86_64-linux-gnu --target=x86_64-linux-gnu
Thread model: posix
Supported LTO compression algorithms: zlib zstd
gcc version 12.2.0 (Debian 12.2.0-14) 
COMPILER_PATH=/usr/lib/gcc/x86_64-linux-gnu/12/:/usr/lib/gcc/x86_64-linux-gnu/12/:/usr/lib/gcc/x86_64-linux-gnu/:/usr/lib/gcc/x86_64-linux-gnu/12/:/usr/lib/gcc/x86_64-linux-gnu/
LIBRARY_PATH=/usr/lib/gcc/x86_64-linux-gnu/12/:/usr/lib/gcc/x86_64-linux-gnu/12/../../../x86_64-linux-gnu/:/usr/lib/gcc/x86_64-linux-gnu/12/../../../../lib/:/lib/x86_64-linux-gnu/:/lib/../lib/:/usr/lib/x86_64-linux-gnu/:/usr/lib/../lib/:/usr/lib/gcc/x86_64-linux-gnu/12/../../../:/lib/:/usr/lib/
COLLECT_GCC_OPTIONS='-g' '-O2' '-ffile-prefix-map=/home/debian/Lxqt1.3/lxqt-notificationd/lxqt-notificationd-1.3.0=.' '-fstack-protector-strong' '-Wformat=1' '-Wdate-time' '-D' '_FORTIFY_SOURCE=2' '-v' '-rdynamic' '-o' 'cmTC_181b0' '-mtune=generic' '-march=x86-64' '-dumpdir' 'cmTC_181b0.'
 /usr/lib/gcc/x86_64-linux-gnu/12/collect2 -plugin /usr/lib/gcc/x86_64-linux-gnu/12/liblto_plugin.so -plugin-opt=/usr/lib/gcc/x86_64-linux-gnu/12/lto-wrapper -plugin-opt=-fresolution=/tmp/ccfm8xC4.res -plugin-opt=-pass-through=-lgcc -plugin-opt=-pass-through=-lgcc_s -plugin-opt=-pass-through=-lc -plugin-opt=-pass-through=-lgcc -plugin-opt=-pass-through=-lgcc_s --build-id --eh-frame-hdr -m elf_x86_64 --hash-style=gnu --as-needed -export-dynamic -dynamic-linker /lib64/ld-linux-x86-64.so.2 -pie -o cmTC_181b0 /usr/lib/gcc/x86_64-linux-gnu/12/../../../x86_64-linux-gnu/Scrt1.o /usr/lib/gcc/x86_64-linux-gnu/12/../../../x86_64-linux-gnu/crti.o /usr/lib/gcc/x86_64-linux-gnu/12/crtbeginS.o -L/usr/lib/gcc/x86_64-linux-gnu/12 -L/usr/lib/gcc/x86_64-linux-gnu/12/../../../x86_64-linux-gnu -L/usr/lib/gcc/x86_64-linux-gnu/12/../../../../lib -L/lib/x86_64-linux-gnu -L/lib/../lib -L/usr/lib/x86_64-linux-gnu -L/usr/lib/../lib -L/usr/lib/gcc/x86_64-linux-gnu/12/../../.. -z relro -z now CMakeFiles/cmTC_181b0.dir/CMakeCCompilerABI.c.o -lgcc --push-state --as-needed -lgcc_s --pop-state -lc -lgcc --push-state --as-needed -lgcc_s --pop-state /usr/lib/gcc/x86_64-linux-gnu/12/crtendS.o /usr/lib/gcc/x86_64-linux-gnu/12/../../../x86_64-linux-gnu/crtn.o
COLLECT_GCC_OPTIONS='-g' '-O2' '-ffile-prefix-map=/home/debian/Lxqt1.3/lxqt-notificationd/lxqt-notificationd-1.3.0=.' '-fstack-protector-strong' '-Wformat=1' '-Wdate-time' '-D' '_FORTIFY_SOURCE=2' '-v' '-rdynamic' '-o' 'cmTC_181b0' '-mtune=generic' '-march=x86-64' '-dumpdir' 'cmTC_181b0.'
gmake[3]: Leaving directory '/home/debian/Lxqt1.3/lxqt-notificationd/lxqt-notificationd-1.3.0/obj-x86_64-linux-gnu/CMakeFiles/CMakeScratch/TryCompile-2EuiZt'
gmake[2]: Leaving directory '/home/debian/Lxqt1.3/lxqt-notificationd/lxqt-notificationd-1.3.0/obj-x86_64-linux-gnu/CMakeFiles/CMakeScratch/TryCompile-2EuiZt'



Parsed C implicit include dir info from above output: rv=done
  found start of include info
  found start of implicit include info
    add: [/usr/lib/gcc/x86_64-linux-gnu/12/include]
    add: [/usr/local/include]
    add: [/usr/include/x86_64-linux-gnu]
    add: [/usr/include]
  end of search list found
  collapse include dir [/usr/lib/gcc/x86_64-linux-gnu/12/include] ==> [/usr/lib/gcc/x86_64-linux-gnu/12/include]
  collapse include dir [/usr/local/include] ==> [/usr/local/include]
  collapse include dir [/usr/include/x86_64-linux-gnu] ==> [/usr/include/x86_64-linux-gnu]
  collapse include dir [/usr/include] ==> [/usr/include]
  implicit include dirs: [/usr/lib/gcc/x86_64-linux-gnu/12/include;/usr/local/include;/usr/include/x86_64-linux-gnu;/usr/include]


Parsed C implicit link information from above output:
  link line regex: [^( *|.*[/\])(ld|CMAKE_LINK_STARTFILE-NOTFOUND|([^/\]+-)?ld|collect2)[^/\]*( |$)]
  ignore line: [Change Dir: /home/debian/Lxqt1.3/lxqt-notificationd/lxqt-notificationd-1.3.0/obj-x86_64-linux-gnu/CMakeFiles/CMakeScratch/TryCompile-2EuiZt]
  ignore line: []
  ignore line: [Run Build Command(s):/usr/bin/gmake -f Makefile cmTC_181b0/fast && gmake[2]: Entering directory '/home/debian/Lxqt1.3/lxqt-notificationd/lxqt-notificationd-1.3.0/obj-x86_64-linux-gnu/CMakeFiles/CMakeScratch/TryCompile-2EuiZt']
  ignore line: [/usr/bin/gmake  -f CMakeFiles/cmTC_181b0.dir/build.make CMakeFiles/cmTC_181b0.dir/build]
  ignore line: [gmake[3]: Entering directory '/home/debian/Lxqt1.3/lxqt-notificationd/lxqt-notificationd-1.3.0/obj-x86_64-linux-gnu/CMakeFiles/CMakeScratch/TryCompile-2EuiZt']
  ignore line: [Building C object CMakeFiles/cmTC_181b0.dir/CMakeCCompilerABI.c.o]
  ignore line: [/usr/bin/cc   -g -O2 -ffile-prefix-map=/home/debian/Lxqt1.3/lxqt-notificationd/lxqt-notificationd-1.3.0=. -fstack-protector-strong -Wformat -Wdate-time -D_FORTIFY_SOURCE=2    -v -o CMakeFiles/cmTC_181b0.dir/CMakeCCompilerABI.c.o -c /usr/share/cmake-3.25/Modules/CMakeCCompilerABI.c]
  ignore line: [Using built-in specs.]
  ignore line: [COLLECT_GCC=/usr/bin/cc]
  ignore line: [OFFLOAD_TARGET_NAMES=nvptx-none:amdgcn-amdhsa]
  ignore line: [OFFLOAD_TARGET_DEFAULT=1]
  ignore line: [Target: x86_64-linux-gnu]
  ignore line: [Configured with: ../src/configure -v --with-pkgversion='Debian 12.2.0-14' --with-bugurl=file:///usr/share/doc/gcc-12/README.Bugs --enable-languages=c ada c++ go d fortran objc obj-c++ m2 --prefix=/usr --with-gcc-major-version-only --program-suffix=-12 --program-prefix=x86_64-linux-gnu- --enable-shared --enable-linker-build-id --libexecdir=/usr/lib --without-included-gettext --enable-threads=posix --libdir=/usr/lib --enable-nls --enable-clocale=gnu --enable-libstdcxx-debug --enable-libstdcxx-time=yes --with-default-libstdcxx-abi=new --enable-gnu-unique-object --disable-vtable-verify --enable-plugin --enable-default-pie --with-system-zlib --enable-libphobos-checking=release --with-target-system-zlib=auto --enable-objc-gc=auto --enable-multiarch --disable-werror --enable-cet --with-arch-32=i686 --with-abi=m64 --with-multilib-list=m32 m64 mx32 --enable-multilib --with-tune=generic --enable-offload-targets=nvptx-none=/build/gcc-12-bTRWOB/gcc-12-12.2.0/debian/tmp-nvptx/usr amdgcn-amdhsa=/build/gcc-12-bTRWOB/gcc-12-12.2.0/debian/tmp-gcn/usr --enable-offload-defaulted --without-cuda-driver --enable-checking=release --build=x86_64-linux-gnu --host=x86_64-linux-gnu --target=x86_64-linux-gnu]
  ignore line: [Thread model: posix]
  ignore line: [Supported LTO compression algorithms: zlib zstd]
  ignore line: [gcc version 12.2.0 (Debian 12.2.0-14) ]
  ignore line: [COLLECT_GCC_OPTIONS='-g' '-O2' '-ffile-prefix-map=/home/debian/Lxqt1.3/lxqt-notificationd/lxqt-notificationd-1.3.0=.' '-fstack-protector-strong' '-Wformat=1' '-Wdate-time' '-D' '_FORTIFY_SOURCE=2' '-v' '-o' 'CMakeFiles/cmTC_181b0.dir/CMakeCCompilerABI.c.o' '-c' '-mtune=generic' '-march=x86-64' '-dumpdir' 'CMakeFiles/cmTC_181b0.dir/']
  ignore line: [ /usr/lib/gcc/x86_64-linux-gnu/12/cc1 -quiet -v -imultiarch x86_64-linux-gnu -D _FORTIFY_SOURCE=2 /usr/share/cmake-3.25/Modules/CMakeCCompilerABI.c -quiet -dumpdir CMakeFiles/cmTC_181b0.dir/ -dumpbase CMakeCCompilerABI.c.c -dumpbase-ext .c -mtune=generic -march=x86-64 -g -O2 -Wformat=1 -Wdate-time -version -ffile-prefix-map=/home/debian/Lxqt1.3/lxqt-notificationd/lxqt-notificationd-1.3.0=. -fstack-protector-strong -fasynchronous-unwind-tables -o /tmp/ccsPJHpm.s]
  ignore line: [GNU C17 (Debian 12.2.0-14) version 12.2.0 (x86_64-linux-gnu)]
  ignore line: [	compiled by GNU C version 12.2.0  GMP version 6.2.1  MPFR version 4.1.1-p1  MPC version 1.3.1  isl version isl-0.25-GMP]
  ignore line: []
  ignore line: [warning: MPFR header version 4.1.1-p1 differs from library version 4.2.0.]
  ignore line: [GGC heuristics: --param ggc-min-expand=100 --param ggc-min-heapsize=131072]
  ignore line: [ignoring nonexistent directory "/usr/local/include/x86_64-linux-gnu"]
  ignore line: [ignoring nonexistent directory "/usr/lib/gcc/x86_64-linux-gnu/12/include-fixed"]
  ignore line: [ignoring nonexistent directory "/usr/lib/gcc/x86_64-linux-gnu/12/../../../../x86_64-linux-gnu/include"]
  ignore line: [#include "..." search starts here:]
  ignore line: [#include <...> search starts here:]
  ignore line: [ /usr/lib/gcc/x86_64-linux-gnu/12/include]
  ignore line: [ /usr/local/include]
  ignore line: [ /usr/include/x86_64-linux-gnu]
  ignore line: [ /usr/include]
  ignore line: [End of search list.]
  ignore line: [GNU C17 (Debian 12.2.0-14) version 12.2.0 (x86_64-linux-gnu)]
  ignore line: [	compiled by GNU C version 12.2.0  GMP version 6.2.1  MPFR version 4.1.1-p1  MPC version 1.3.1  isl version isl-0.25-GMP]
  ignore line: []
  ignore line: [warning: MPFR header version 4.1.1-p1 differs from library version 4.2.0.]
  ignore line: [GGC heuristics: --param ggc-min-expand=100 --param ggc-min-heapsize=131072]
  ignore line: [Compiler executable checksum: cc72d2b9b5048fedc2be9051c917b40b]
  ignore line: [COLLECT_GCC_OPTIONS='-g' '-O2' '-ffile-prefix-map=/home/debian/Lxqt1.3/lxqt-notificationd/lxqt-notificationd-1.3.0=.' '-fstack-protector-strong' '-Wformat=1' '-Wdate-time' '-D' '_FORTIFY_SOURCE=2' '-v' '-o' 'CMakeFiles/cmTC_181b0.dir/CMakeCCompilerABI.c.o' '-c' '-mtune=generic' '-march=x86-64' '-dumpdir' 'CMakeFiles/cmTC_181b0.dir/']
  ignore line: [ as -v --gdwarf-5 --64 -o CMakeFiles/cmTC_181b0.dir/CMakeCCompilerABI.c.o /tmp/ccsPJHpm.s]
  ignore line: [GNU assembler version 2.40 (x86_64-linux-gnu) using BFD version (GNU Binutils for Debian) 2.40]
  ignore line: [COMPILER_PATH=/usr/lib/gcc/x86_64-linux-gnu/12/:/usr/lib/gcc/x86_64-linux-gnu/12/:/usr/lib/gcc/x86_64-linux-gnu/:/usr/lib/gcc/x86_64-linux-gnu/12/:/usr/lib/gcc/x86_64-linux-gnu/]
  ignore line: [LIBRARY_PATH=/usr/lib/gcc/x86_64-linux-gnu/12/:/usr/lib/gcc/x86_64-linux-gnu/12/../../../x86_64-linux-gnu/:/usr/lib/gcc/x86_64-linux-gnu/12/../../../../lib/:/lib/x86_64-linux-gnu/:/lib/../lib/:/usr/lib/x86_64-linux-gnu/:/usr/lib/../lib/:/usr/lib/gcc/x86_64-linux-gnu/12/../../../:/lib/:/usr/lib/]
  ignore line: [COLLECT_GCC_OPTIONS='-g' '-O2' '-ffile-prefix-map=/home/debian/Lxqt1.3/lxqt-notificationd/lxqt-notificationd-1.3.0=.' '-fstack-protector-strong' '-Wformat=1' '-Wdate-time' '-D' '_FORTIFY_SOURCE=2' '-v' '-o' 'CMakeFiles/cmTC_181b0.dir/CMakeCCompilerABI.c.o' '-c' '-mtune=generic' '-march=x86-64' '-dumpdir' 'CMakeFiles/cmTC_181b0.dir/CMakeCCompilerABI.c.']
  ignore line: [Linking C executable cmTC_181b0]
  ignore line: [/usr/bin/cmake -E cmake_link_script CMakeFiles/cmTC_181b0.dir/link.txt --verbose=1]
  ignore line: [/usr/bin/cc -g -O2 -ffile-prefix-map=/home/debian/Lxqt1.3/lxqt-notificationd/lxqt-notificationd-1.3.0=. -fstack-protector-strong -Wformat -Wdate-time -D_FORTIFY_SOURCE=2  -Wl -z relro -Wl -z now -v -rdynamic CMakeFiles/cmTC_181b0.dir/CMakeCCompilerABI.c.o -o cmTC_181b0 ]
  ignore line: [Using built-in specs.]
  ignore line: [COLLECT_GCC=/usr/bin/cc]
  ignore line: [COLLECT_LTO_WRAPPER=/usr/lib/gcc/x86_64-linux-gnu/12/lto-wrapper]
  ignore line: [OFFLOAD_TARGET_NAMES=nvptx-none:amdgcn-amdhsa]
  ignore line: [OFFLOAD_TARGET_DEFAULT=1]
  ignore line: [Target: x86_64-linux-gnu]
  ignore line: [Configured with: ../src/configure -v --with-pkgversion='Debian 12.2.0-14' --with-bugurl=file:///usr/share/doc/gcc-12/README.Bugs --enable-languages=c ada c++ go d fortran objc obj-c++ m2 --prefix=/usr --with-gcc-major-version-only --program-suffix=-12 --program-prefix=x86_64-linux-gnu- --enable-shared --enable-linker-build-id --libexecdir=/usr/lib --without-included-gettext --enable-threads=posix --libdir=/usr/lib --enable-nls --enable-clocale=gnu --enable-libstdcxx-debug --enable-libstdcxx-time=yes --with-default-libstdcxx-abi=new --enable-gnu-unique-object --disable-vtable-verify --enable-plugin --enable-default-pie --with-system-zlib --enable-libphobos-checking=release --with-target-system-zlib=auto --enable-objc-gc=auto --enable-multiarch --disable-werror --enable-cet --with-arch-32=i686 --with-abi=m64 --with-multilib-list=m32 m64 mx32 --enable-multilib --with-tune=generic --enable-offload-targets=nvptx-none=/build/gcc-12-bTRWOB/gcc-12-12.2.0/debian/tmp-nvptx/usr amdgcn-amdhsa=/build/gcc-12-bTRWOB/gcc-12-12.2.0/debian/tmp-gcn/usr --enable-offload-defaulted --without-cuda-driver --enable-checking=release --build=x86_64-linux-gnu --host=x86_64-linux-gnu --target=x86_64-linux-gnu]
  ignore line: [Thread model: posix]
  ignore line: [Supported LTO compression algorithms: zlib zstd]
  ignore line: [gcc version 12.2.0 (Debian 12.2.0-14) ]
  ignore line: [COMPILER_PATH=/usr/lib/gcc/x86_64-linux-gnu/12/:/usr/lib/gcc/x86_64-linux-gnu/12/:/usr/lib/gcc/x86_64-linux-gnu/:/usr/lib/gcc/x86_64-linux-gnu/12/:/usr/lib/gcc/x86_64-linux-gnu/]
  ignore line: [LIBRARY_PATH=/usr/lib/gcc/x86_64-linux-gnu/12/:/usr/lib/gcc/x86_64-linux-gnu/12/../../../x86_64-linux-gnu/:/usr/lib/gcc/x86_64-linux-gnu/12/../../../../lib/:/lib/x86_64-linux-gnu/:/lib/../lib/:/usr/lib/x86_64-linux-gnu/:/usr/lib/../lib/:/usr/lib/gcc/x86_64-linux-gnu/12/../../../:/lib/:/usr/lib/]
  ignore line: [COLLECT_GCC_OPTIONS='-g' '-O2' '-ffile-prefix-map=/home/debian/Lxqt1.3/lxqt-notificationd/lxqt-notificationd-1.3.0=.' '-fstack-protector-strong' '-Wformat=1' '-Wdate-time' '-D' '_FORTIFY_SOURCE=2' '-v' '-rdynamic' '-o' 'cmTC_181b0' '-mtune=generic' '-march=x86-64' '-dumpdir' 'cmTC_181b0.']
  link line: [ /usr/lib/gcc/x86_64-linux-gnu/12/collect2 -plugin /usr/lib/gcc/x86_64-linux-gnu/12/liblto_plugin.so -plugin-opt=/usr/lib/gcc/x86_64-linux-gnu/12/lto-wrapper -plugin-opt=-fresolution=/tmp/ccfm8xC4.res -plugin-opt=-pass-through=-lgcc -plugin-opt=-pass-through=-lgcc_s -plugin-opt=-pass-through=-lc -plugin-opt=-pass-through=-lgcc -plugin-opt=-pass-through=-lgcc_s --build-id --eh-frame-hdr -m elf_x86_64 --hash-style=gnu --as-needed -export-dynamic -dynamic-linker /lib64/ld-linux-x86-64.so.2 -pie -o cmTC_181b0 /usr/lib/gcc/x86_64-linux-gnu/12/../../../x86_64-linux-gnu/Scrt1.o /usr/lib/gcc/x86_64-linux-gnu/12/../../../x86_64-linux-gnu/crti.o /usr/lib/gcc/x86_64-linux-gnu/12/crtbeginS.o -L/usr/lib/gcc/x86_64-linux-gnu/12 -L/usr/lib/gcc/x86_64-linux-gnu/12/../../../x86_64-linux-gnu -L/usr/lib/gcc/x86_64-linux-gnu/12/../../../../lib -L/lib/x86_64-linux-gnu -L/lib/../lib -L/usr/lib/x86_64-linux-gnu -L/usr/lib/../lib -L/usr/lib/gcc/x86_64-linux-gnu/12/../../.. -z relro -z now CMakeFiles/cmTC_181b0.dir/CMakeCCompilerABI.c.o -lgcc --push-state --as-needed -lgcc_s --pop-state -lc -lgcc --push-state --as-needed -lgcc_s --pop-state /usr/lib/gcc/x86_64-linux-gnu/12/crtendS.o /usr/lib/gcc/x86_64-linux-gnu/12/../../../x86_64-linux-gnu/crtn.o]
    arg [/usr/lib/gcc/x86_64-linux-gnu/12/collect2] ==> ignore
    arg [-plugin] ==> ignore
    arg [/usr/lib/gcc/x86_64-linux-gnu/12/liblto_plugin.so] ==> ignore
    arg [-plugin-opt=/usr/lib/gcc/x86_64-linux-gnu/12/lto-wrapper] ==> ignore
    arg [-plugin-opt=-fresolution=/tmp/ccfm8xC4.res] ==> ignore
    arg [-plugin-opt=-pass-through=-lgcc] ==> ignore
    arg [-plugin-opt=-pass-through=-lgcc_s] ==> ignore
    arg [-plugin-opt=-pass-through=-lc] ==> ignore
    arg [-plugin-opt=-pass-through=-lgcc] ==> ignore
    arg [-plugin-opt=-pass-through=-lgcc_s] ==> ignore
    arg [--build-id] ==> ignore
    arg [--eh-frame-hdr] ==> ignore
    arg [-m] ==> ignore
    arg [elf_x86_64] ==> ignore
    arg [--hash-style=gnu] ==> ignore
    arg [--as-needed] ==> ignore
    arg [-export-dynamic] ==> ignore
    arg [-dynamic-linker] ==> ignore
    arg [/lib64/ld-linux-x86-64.so.2] ==> ignore
    arg [-pie] ==> ignore
    arg [-o] ==> ignore
    arg [cmTC_181b0] ==> ignore
    arg [/usr/lib/gcc/x86_64-linux-gnu/12/../../../x86_64-linux-gnu/Scrt1.o] ==> obj [/usr/lib/gcc/x86_64-linux-gnu/12/../../../x86_64-linux-gnu/Scrt1.o]
    arg [/usr/lib/gcc/x86_64-linux-gnu/12/../../../x86_64-linux-gnu/crti.o] ==> obj [/usr/lib/gcc/x86_64-linux-gnu/12/../../../x86_64-linux-gnu/crti.o]
    arg [/usr/lib/gcc/x86_64-linux-gnu/12/crtbeginS.o] ==> obj [/usr/lib/gcc/x86_64-linux-gnu/12/crtbeginS.o]
    arg [-L/usr/lib/gcc/x86_64-linux-gnu/12] ==> dir [/usr/lib/gcc/x86_64-linux-gnu/12]
    arg [-L/usr/lib/gcc/x86_64-linux-gnu/12/../../../x86_64-linux-gnu] ==> dir [/usr/lib/gcc/x86_64-linux-gnu/12/../../../x86_64-linux-gnu]
    arg [-L/usr/lib/gcc/x86_64-linux-gnu/12/../../../../lib] ==> dir [/usr/lib/gcc/x86_64-linux-gnu/12/../../../../lib]
    arg [-L/lib/x86_64-linux-gnu] ==> dir [/lib/x86_64-linux-gnu]
    arg [-L/lib/../lib] ==> dir [/lib/../lib]
    arg [-L/usr/lib/x86_64-linux-gnu] ==> dir [/usr/lib/x86_64-linux-gnu]
    arg [-L/usr/lib/../lib] ==> dir [/usr/lib/../lib]
    arg [-L/usr/lib/gcc/x86_64-linux-gnu/12/../../..] ==> dir [/usr/lib/gcc/x86_64-linux-gnu/12/../../..]
    arg [-zrelro] ==> ignore
    arg [-znow] ==> ignore
    arg [CMakeFiles/cmTC_181b0.dir/CMakeCCompilerABI.c.o] ==> ignore
    arg [-lgcc] ==> lib [gcc]
    arg [--push-state] ==> ignore
    arg [--as-needed] ==> ignore
    arg [-lgcc_s] ==> lib [gcc_s]
    arg [--pop-state] ==> ignore
    arg [-lc] ==> lib [c]
    arg [-lgcc] ==> lib [gcc]
    arg [--push-state] ==> ignore
    arg [--as-needed] ==> ignore
    arg [-lgcc_s] ==> lib [gcc_s]
    arg [--pop-state] ==> ignore
    arg [/usr/lib/gcc/x86_64-linux-gnu/12/crtendS.o] ==> obj [/usr/lib/gcc/x86_64-linux-gnu/12/crtendS.o]
    arg [/usr/lib/gcc/x86_64-linux-gnu/12/../../../x86_64-linux-gnu/crtn.o] ==> obj [/usr/lib/gcc/x86_64-linux-gnu/12/../../../x86_64-linux-gnu/crtn.o]
  collapse obj [/usr/lib/gcc/x86_64-linux-gnu/12/../../../x86_64-linux-gnu/Scrt1.o] ==> [/usr/lib/x86_64-linux-gnu/Scrt1.o]
  collapse obj [/usr/lib/gcc/x86_64-linux-gnu/12/../../../x86_64-linux-gnu/crti.o] ==> [/usr/lib/x86_64-linux-gnu/crti.o]
  collapse obj [/usr/lib/gcc/x86_64-linux-gnu/12/../../../x86_64-linux-gnu/crtn.o] ==> [/usr/lib/x86_64-linux-gnu/crtn.o]
  collapse library dir [/usr/lib/gcc/x86_64-linux-gnu/12] ==> [/usr/lib/gcc/x86_64-linux-gnu/12]
  collapse library dir [/usr/lib/gcc/x86_64-linux-gnu/12/../../../x86_64-linux-gnu] ==> [/usr/lib/x86_64-linux-gnu]
  collapse library dir [/usr/lib/gcc/x86_64-linux-gnu/12/../../../../lib] ==> [/usr/lib]
  collapse library dir [/lib/x86_64-linux-gnu] ==> [/lib/x86_64-linux-gnu]
  collapse library dir [/lib/../lib] ==> [/lib]
  collapse library dir [/usr/lib/x86_64-linux-gnu] ==> [/usr/lib/x86_64-linux-gnu]
  collapse library dir [/usr/lib/../lib] ==> [/usr/lib]
  collapse library dir [/usr/lib/gcc/x86_64-linux-gnu/12/../../..] ==> [/usr/lib]
  implicit libs: [gcc;gcc_s;c;gcc;gcc_s]
  implicit objs: [/usr/lib/x86_64-linux-gnu/Scrt1.o;/usr/lib/x86_64-linux-gnu/crti.o;/usr/lib/gcc/x86_64-linux-gnu/12/crtbeginS.o;/usr/lib/gcc/x86_64-linux-gnu/12/crtendS.o;/usr/lib/x86_64-linux-gnu/crtn.o]
  implicit dirs: [/usr/lib/gcc/x86_64-linux-gnu/12;/usr/lib/x86_64-linux-gnu;/usr/lib;/lib/x86_64-linux-gnu;/lib]
  implicit fwks: []


Detecting CXX compiler ABI info compiled with the following output:
Change Dir: /home/debian/Lxqt1.3/lxqt-notificationd/lxqt-notificationd-1.3.0/obj-x86_64-linux-gnu/CMakeFiles/CMakeScratch/TryCompile-PqL76T

Run Build Command(s):/usr/bin/gmake -f Makefile cmTC_e60d6/fast && gmake[2]: Entering directory '/home/debian/Lxqt1.3/lxqt-notificationd/lxqt-notificationd-1.3.0/obj-x86_64-linux-gnu/CMakeFiles/CMakeScratch/TryCompile-PqL76T'
/usr/bin/gmake  -f CMakeFiles/cmTC_e60d6.dir/build.make CMakeFiles/cmTC_e60d6.dir/build
gmake[3]: Entering directory '/home/debian/Lxqt1.3/lxqt-notificationd/lxqt-notificationd-1.3.0/obj-x86_64-linux-gnu/CMakeFiles/CMakeScratch/TryCompile-PqL76T'
Building CXX object CMakeFiles/cmTC_e60d6.dir/CMakeCXXCompilerABI.cpp.o
/usr/bin/c++   -g -O2 -ffile-prefix-map=/home/debian/Lxqt1.3/lxqt-notificationd/lxqt-notificationd-1.3.0=. -fstack-protector-strong -Wformat -Wdate-time -D_FORTIFY_SOURCE=2    -v -o CMakeFiles/cmTC_e60d6.dir/CMakeCXXCompilerABI.cpp.o -c /usr/share/cmake-3.25/Modules/CMakeCXXCompilerABI.cpp
Using built-in specs.
COLLECT_GCC=/usr/bin/c++
OFFLOAD_TARGET_NAMES=nvptx-none:amdgcn-amdhsa
OFFLOAD_TARGET_DEFAULT=1
Target: x86_64-linux-gnu
Configured with: ../src/configure -v --with-pkgversion='Debian 12.2.0-14' --with-bugurl=file:///usr/share/doc/gcc-12/README.Bugs --enable-languages=c,ada,c++,go,d,fortran,objc,obj-c++,m2 --prefix=/usr --with-gcc-major-version-only --program-suffix=-12 --program-prefix=x86_64-linux-gnu- --enable-shared --enable-linker-build-id --libexecdir=/usr/lib --without-included-gettext --enable-threads=posix --libdir=/usr/lib --enable-nls --enable-clocale=gnu --enable-libstdcxx-debug --enable-libstdcxx-time=yes --with-default-libstdcxx-abi=new --enable-gnu-unique-object --disable-vtable-verify --enable-plugin --enable-default-pie --with-system-zlib --enable-libphobos-checking=release --with-target-system-zlib=auto --enable-objc-gc=auto --enable-multiarch --disable-werror --enable-cet --with-arch-32=i686 --with-abi=m64 --with-multilib-list=m32,m64,mx32 --enable-multilib --with-tune=generic --enable-offload-targets=nvptx-none=/build/gcc-12-bTRWOB/gcc-12-12.2.0/debian/tmp-nvptx/usr,amdgcn-amdhsa=/build/gcc-12-bTRWOB/gcc-12-12.2.0/debian/tmp-gcn/usr --enable-offload-defaulted --without-cuda-driver --enable-checking=release --build=x86_64-linux-gnu --host=x86_64-linux-gnu --target=x86_64-linux-gnu
Thread model: posix
Supported LTO compression algorithms: zlib zstd
gcc version 12.2.0 (Debian 12.2.0-14) 
COLLECT_GCC_OPTIONS='-g' '-O2' '-ffile-prefix-map=/home/debian/Lxqt1.3/lxqt-notificationd/lxqt-notificationd-1.3.0=.' '-fstack-protector-strong' '-Wformat=1' '-Wdate-time' '-D' '_FORTIFY_SOURCE=2' '-v' '-o' 'CMakeFiles/cmTC_e60d6.dir/CMakeCXXCompilerABI.cpp.o' '-c' '-shared-libgcc' '-mtune=generic' '-march=x86-64' '-dumpdir' 'CMakeFiles/cmTC_e60d6.dir/'
 /usr/lib/gcc/x86_64-linux-gnu/12/cc1plus -quiet -v -imultiarch x86_64-linux-gnu -D_GNU_SOURCE -D _FORTIFY_SOURCE=2 /usr/share/cmake-3.25/Modules/CMakeCXXCompilerABI.cpp -quiet -dumpdir CMakeFiles/cmTC_e60d6.dir/ -dumpbase CMakeCXXCompilerABI.cpp.cpp -dumpbase-ext .cpp -mtune=generic -march=x86-64 -g -O2 -Wformat=1 -Wdate-time -version -ffile-prefix-map=/home/debian/Lxqt1.3/lxqt-notificationd/lxqt-notificationd-1.3.0=. -fstack-protector-strong -fasynchronous-unwind-tables -o /tmp/ccI0CEll.s
GNU C++17 (Debian 12.2.0-14) version 12.2.0 (x86_64-linux-gnu)
	compiled by GNU C version 12.2.0, GMP version 6.2.1, MPFR version 4.1.1-p1, MPC version 1.3.1, isl version isl-0.25-GMP

warning: MPFR header version 4.1.1-p1 differs from library version 4.2.0.
GGC heuristics: --param ggc-min-expand=100 --param ggc-min-heapsize=131072
ignoring duplicate directory "/usr/include/x86_64-linux-gnu/c++/12"
ignoring nonexistent directory "/usr/local/include/x86_64-linux-gnu"
ignoring nonexistent directory "/usr/lib/gcc/x86_64-linux-gnu/12/include-fixed"
ignoring nonexistent directory "/usr/lib/gcc/x86_64-linux-gnu/12/../../../../x86_64-linux-gnu/include"
#include "..." search starts here:
#include <...> search starts here:
 /usr/include/c++/12
 /usr/include/x86_64-linux-gnu/c++/12
 /usr/include/c++/12/backward
 /usr/lib/gcc/x86_64-linux-gnu/12/include
 /usr/local/include
 /usr/include/x86_64-linux-gnu
 /usr/include
End of search list.
GNU C++17 (Debian 12.2.0-14) version 12.2.0 (x86_64-linux-gnu)
	compiled by GNU C version 12.2.0, GMP version 6.2.1, MPFR version 4.1.1-p1, MPC version 1.3.1, isl version isl-0.25-GMP

warning: MPFR header version 4.1.1-p1 differs from library version 4.2.0.
GGC heuristics: --param ggc-min-expand=100 --param ggc-min-heapsize=131072
Compiler executable checksum: 62b090dbbefa50644117a3c13d47369a
COLLECT_GCC_OPTIONS='-g' '-O2' '-ffile-prefix-map=/home/debian/Lxqt1.3/lxqt-notificationd/lxqt-notificationd-1.3.0=.' '-fstack-protector-strong' '-Wformat=1' '-Wdate-time' '-D' '_FORTIFY_SOURCE=2' '-v' '-o' 'CMakeFiles/cmTC_e60d6.dir/CMakeCXXCompilerABI.cpp.o' '-c' '-shared-libgcc' '-mtune=generic' '-march=x86-64' '-dumpdir' 'CMakeFiles/cmTC_e60d6.dir/'
 as -v --gdwarf-5 --64 -o CMakeFiles/cmTC_e60d6.dir/CMakeCXXCompilerABI.cpp.o /tmp/ccI0CEll.s
GNU assembler version 2.40 (x86_64-linux-gnu) using BFD version (GNU Binutils for Debian) 2.40
COMPILER_PATH=/usr/lib/gcc/x86_64-linux-gnu/12/:/usr/lib/gcc/x86_64-linux-gnu/12/:/usr/lib/gcc/x86_64-linux-gnu/:/usr/lib/gcc/x86_64-linux-gnu/12/:/usr/lib/gcc/x86_64-linux-gnu/
LIBRARY_PATH=/usr/lib/gcc/x86_64-linux-gnu/12/:/usr/lib/gcc/x86_64-linux-gnu/12/../../../x86_64-linux-gnu/:/usr/lib/gcc/x86_64-linux-gnu/12/../../../../lib/:/lib/x86_64-linux-gnu/:/lib/../lib/:/usr/lib/x86_64-linux-gnu/:/usr/lib/../lib/:/usr/lib/gcc/x86_64-linux-gnu/12/../../../:/lib/:/usr/lib/
COLLECT_GCC_OPTIONS='-g' '-O2' '-ffile-prefix-map=/home/debian/Lxqt1.3/lxqt-notificationd/lxqt-notificationd-1.3.0=.' '-fstack-protector-strong' '-Wformat=1' '-Wdate-time' '-D' '_FORTIFY_SOURCE=2' '-v' '-o' 'CMakeFiles/cmTC_e60d6.dir/CMakeCXXCompilerABI.cpp.o' '-c' '-shared-libgcc' '-mtune=generic' '-march=x86-64' '-dumpdir' 'CMakeFiles/cmTC_e60d6.dir/CMakeCXXCompilerABI.cpp.'
Linking CXX executable cmTC_e60d6
/usr/bin/cmake -E cmake_link_script CMakeFiles/cmTC_e60d6.dir/link.txt --verbose=1
/usr/bin/c++ -g -O2 -ffile-prefix-map=/home/debian/Lxqt1.3/lxqt-notificationd/lxqt-notificationd-1.3.0=. -fstack-protector-strong -Wformat -Wdate-time -D_FORTIFY_SOURCE=2  -Wl,-z,relro -Wl,-z,now -v -rdynamic CMakeFiles/cmTC_e60d6.dir/CMakeCXXCompilerABI.cpp.o -o cmTC_e60d6 
Using built-in specs.
COLLECT_GCC=/usr/bin/c++
COLLECT_LTO_WRAPPER=/usr/lib/gcc/x86_64-linux-gnu/12/lto-wrapper
OFFLOAD_TARGET_NAMES=nvptx-none:amdgcn-amdhsa
OFFLOAD_TARGET_DEFAULT=1
Target: x86_64-linux-gnu
Configured with: ../src/configure -v --with-pkgversion='Debian 12.2.0-14' --with-bugurl=file:///usr/share/doc/gcc-12/README.Bugs --enable-languages=c,ada,c++,go,d,fortran,objc,obj-c++,m2 --prefix=/usr --with-gcc-major-version-only --program-suffix=-12 --program-prefix=x86_64-linux-gnu- --enable-shared --enable-linker-build-id --libexecdir=/usr/lib --without-included-gettext --enable-threads=posix --libdir=/usr/lib --enable-nls --enable-clocale=gnu --enable-libstdcxx-debug --enable-libstdcxx-time=yes --with-default-libstdcxx-abi=new --enable-gnu-unique-object --disable-vtable-verify --enable-plugin --enable-default-pie --with-system-zlib --enable-libphobos-checking=release --with-target-system-zlib=auto --enable-objc-gc=auto --enable-multiarch --disable-werror --enable-cet --with-arch-32=i686 --with-abi=m64 --with-multilib-list=m32,m64,mx32 --enable-multilib --with-tune=generic --enable-offload-targets=nvptx-none=/build/gcc-12-bTRWOB/gcc-12-12.2.0/debian/tmp-nvptx/usr,amdgcn-amdhsa=/build/gcc-12-bTRWOB/gcc-12-12.2.0/debian/tmp-gcn/usr --enable-offload-defaulted --without-cuda-driver --enable-checking=release --build=x86_64-linux-gnu --host=x86_64-linux-gnu --target=x86_64-linux-gnu
Thread model: posix
Supported LTO compression algorithms: zlib zstd
gcc version 12.2.0 (Debian 12.2.0-14) 
COMPILER_PATH=/usr/lib/gcc/x86_64-linux-gnu/12/:/usr/lib/gcc/x86_64-linux-gnu/12/:/usr/lib/gcc/x86_64-linux-gnu/:/usr/lib/gcc/x86_64-linux-gnu/12/:/usr/lib/gcc/x86_64-linux-gnu/
LIBRARY_PATH=/usr/lib/gcc/x86_64-linux-gnu/12/:/usr/lib/gcc/x86_64-linux-gnu/12/../../../x86_64-linux-gnu/:/usr/lib/gcc/x86_64-linux-gnu/12/../../../../lib/:/lib/x86_64-linux-gnu/:/lib/../lib/:/usr/lib/x86_64-linux-gnu/:/usr/lib/../lib/:/usr/lib/gcc/x86_64-linux-gnu/12/../../../:/lib/:/usr/lib/
COLLECT_GCC_OPTIONS='-g' '-O2' '-ffile-prefix-map=/home/debian/Lxqt1.3/lxqt-notificationd/lxqt-notificationd-1.3.0=.' '-fstack-protector-strong' '-Wformat=1' '-Wdate-time' '-D' '_FORTIFY_SOURCE=2' '-v' '-rdynamic' '-o' 'cmTC_e60d6' '-shared-libgcc' '-mtune=generic' '-march=x86-64' '-dumpdir' 'cmTC_e60d6.'
 /usr/lib/gcc/x86_64-linux-gnu/12/collect2 -plugin /usr/lib/gcc/x86_64-linux-gnu/12/liblto_plugin.so -plugin-opt=/usr/lib/gcc/x86_64-linux-gnu/12/lto-wrapper -plugin-opt=-fresolution=/tmp/ccu1if2y.res -plugin-opt=-pass-through=-lgcc_s -plugin-opt=-pass-through=-lgcc -plugin-opt=-pass-through=-lc -plugin-opt=-pass-through=-lgcc_s -plugin-opt=-pass-through=-lgcc --build-id --eh-frame-hdr -m elf_x86_64 --hash-style=gnu --as-needed -export-dynamic -dynamic-linker /lib64/ld-linux-x86-64.so.2 -pie -o cmTC_e60d6 /usr/lib/gcc/x86_64-linux-gnu/12/../../../x86_64-linux-gnu/Scrt1.o /usr/lib/gcc/x86_64-linux-gnu/12/../../../x86_64-linux-gnu/crti.o /usr/lib/gcc/x86_64-linux-gnu/12/crtbeginS.o -L/usr/lib/gcc/x86_64-linux-gnu/12 -L/usr/lib/gcc/x86_64-linux-gnu/12/../../../x86_64-linux-gnu -L/usr/lib/gcc/x86_64-linux-gnu/12/../../../../lib -L/lib/x86_64-linux-gnu -L/lib/../lib -L/usr/lib/x86_64-linux-gnu -L/usr/lib/../lib -L/usr/lib/gcc/x86_64-linux-gnu/12/../../.. -z relro -z now CMakeFiles/cmTC_e60d6.dir/CMakeCXXCompilerABI.cpp.o -lstdc++ -lm -lgcc_s -lgcc -lc -lgcc_s -lgcc /usr/lib/gcc/x86_64-linux-gnu/12/crtendS.o /usr/lib/gcc/x86_64-linux-gnu/12/../../../x86_64-linux-gnu/crtn.o
COLLECT_GCC_OPTIONS='-g' '-O2' '-ffile-prefix-map=/home/debian/Lxqt1.3/lxqt-notificationd/lxqt-notificationd-1.3.0=.' '-fstack-protector-strong' '-Wformat=1' '-Wdate-time' '-D' '_FORTIFY_SOURCE=2' '-v' '-rdynamic' '-o' 'cmTC_e60d6' '-shared-libgcc' '-mtune=generic' '-march=x86-64' '-dumpdir' 'cmTC_e60d6.'
gmake[3]: Leaving directory '/home/debian/Lxqt1.3/lxqt-notificationd/lxqt-notificationd-1.3.0/obj-x86_64-linux-gnu/CMakeFiles/CMakeScratch/TryCompile-PqL76T'
gmake[2]: Leaving directory '/home/debian/Lxqt1.3/lxqt-notificationd/lxqt-notificationd-1.3.0/obj-x86_64-linux-gnu/CMakeFiles/CMakeScratch/TryCompile-PqL76T'



Parsed CXX implicit include dir info from above output: rv=done
  found start of include info
  found start of implicit include info
    add: [/usr/include/c++/12]
    add: [/usr/include/x86_64-linux-gnu/c++/12]
    add: [/usr/include/c++/12/backward]
    add: [/usr/lib/gcc/x86_64-linux-gnu/12/include]
    add: [/usr/local/include]
    add: [/usr/include/x86_64-linux-gnu]
    add: [/usr/include]
  end of search list found
  collapse include dir [/usr/include/c++/12] ==> [/usr/include/c++/12]
  collapse include dir [/usr/include/x86_64-linux-gnu/c++/12] ==> [/usr/include/x86_64-linux-gnu/c++/12]
  collapse include dir [/usr/include/c++/12/backward] ==> [/usr/include/c++/12/backward]
  collapse include dir [/usr/lib/gcc/x86_64-linux-gnu/12/include] ==> [/usr/lib/gcc/x86_64-linux-gnu/12/include]
  collapse include dir [/usr/local/include] ==> [/usr/local/include]
  collapse include dir [/usr/include/x86_64-linux-gnu] ==> [/usr/include/x86_64-linux-gnu]
  collapse include dir [/usr/include] ==> [/usr/include]
  implicit include dirs: [/usr/include/c++/12;/usr/include/x86_64-linux-gnu/c++/12;/usr/include/c++/12/backward;/usr/lib/gcc/x86_64-linux-gnu/12/include;/usr/local/include;/usr/include/x86_64-linux-gnu;/usr/include]


Parsed CXX implicit link information from above output:
  link line regex: [^( *|.*[/\])(ld|CMAKE_LINK_STARTFILE-NOTFOUND|([^/\]+-)?ld|collect2)[^/\]*( |$)]
  ignore line: [Change Dir: /home/debian/Lxqt1.3/lxqt-notificationd/lxqt-notificationd-1.3.0/obj-x86_64-linux-gnu/CMakeFiles/CMakeScratch/TryCompile-PqL76T]
  ignore line: []
  ignore line: [Run Build Command(s):/usr/bin/gmake -f Makefile cmTC_e60d6/fast && gmake[2]: Entering directory '/home/debian/Lxqt1.3/lxqt-notificationd/lxqt-notificationd-1.3.0/obj-x86_64-linux-gnu/CMakeFiles/CMakeScratch/TryCompile-PqL76T']
  ignore line: [/usr/bin/gmake  -f CMakeFiles/cmTC_e60d6.dir/build.make CMakeFiles/cmTC_e60d6.dir/build]
  ignore line: [gmake[3]: Entering directory '/home/debian/Lxqt1.3/lxqt-notificationd/lxqt-notificationd-1.3.0/obj-x86_64-linux-gnu/CMakeFiles/CMakeScratch/TryCompile-PqL76T']
  ignore line: [Building CXX object CMakeFiles/cmTC_e60d6.dir/CMakeCXXCompilerABI.cpp.o]
  ignore line: [/usr/bin/c++   -g -O2 -ffile-prefix-map=/home/debian/Lxqt1.3/lxqt-notificationd/lxqt-notificationd-1.3.0=. -fstack-protector-strong -Wformat -Wdate-time -D_FORTIFY_SOURCE=2    -v -o CMakeFiles/cmTC_e60d6.dir/CMakeCXXCompilerABI.cpp.o -c /usr/share/cmake-3.25/Modules/CMakeCXXCompilerABI.cpp]
  ignore line: [Using built-in specs.]
  ignore line: [COLLECT_GCC=/usr/bin/c++]
  ignore line: [OFFLOAD_TARGET_NAMES=nvptx-none:amdgcn-amdhsa]
  ignore line: [OFFLOAD_TARGET_DEFAULT=1]
  ignore line: [Target: x86_64-linux-gnu]
  ignore line: [Configured with: ../src/configure -v --with-pkgversion='Debian 12.2.0-14' --with-bugurl=file:///usr/share/doc/gcc-12/README.Bugs --enable-languages=c ada c++ go d fortran objc obj-c++ m2 --prefix=/usr --with-gcc-major-version-only --program-suffix=-12 --program-prefix=x86_64-linux-gnu- --enable-shared --enable-linker-build-id --libexecdir=/usr/lib --without-included-gettext --enable-threads=posix --libdir=/usr/lib --enable-nls --enable-clocale=gnu --enable-libstdcxx-debug --enable-libstdcxx-time=yes --with-default-libstdcxx-abi=new --enable-gnu-unique-object --disable-vtable-verify --enable-plugin --enable-default-pie --with-system-zlib --enable-libphobos-checking=release --with-target-system-zlib=auto --enable-objc-gc=auto --enable-multiarch --disable-werror --enable-cet --with-arch-32=i686 --with-abi=m64 --with-multilib-list=m32 m64 mx32 --enable-multilib --with-tune=generic --enable-offload-targets=nvptx-none=/build/gcc-12-bTRWOB/gcc-12-12.2.0/debian/tmp-nvptx/usr amdgcn-amdhsa=/build/gcc-12-bTRWOB/gcc-12-12.2.0/debian/tmp-gcn/usr --enable-offload-defaulted --without-cuda-driver --enable-checking=release --build=x86_64-linux-gnu --host=x86_64-linux-gnu --target=x86_64-linux-gnu]
  ignore line: [Thread model: posix]
  ignore line: [Supported LTO compression algorithms: zlib zstd]
  ignore line: [gcc version 12.2.0 (Debian 12.2.0-14) ]
  ignore line: [COLLECT_GCC_OPTIONS='-g' '-O2' '-ffile-prefix-map=/home/debian/Lxqt1.3/lxqt-notificationd/lxqt-notificationd-1.3.0=.' '-fstack-protector-strong' '-Wformat=1' '-Wdate-time' '-D' '_FORTIFY_SOURCE=2' '-v' '-o' 'CMakeFiles/cmTC_e60d6.dir/CMakeCXXCompilerABI.cpp.o' '-c' '-shared-libgcc' '-mtune=generic' '-march=x86-64' '-dumpdir' 'CMakeFiles/cmTC_e60d6.dir/']
  ignore line: [ /usr/lib/gcc/x86_64-linux-gnu/12/cc1plus -quiet -v -imultiarch x86_64-linux-gnu -D_GNU_SOURCE -D _FORTIFY_SOURCE=2 /usr/share/cmake-3.25/Modules/CMakeCXXCompilerABI.cpp -quiet -dumpdir CMakeFiles/cmTC_e60d6.dir/ -dumpbase CMakeCXXCompilerABI.cpp.cpp -dumpbase-ext .cpp -mtune=generic -march=x86-64 -g -O2 -Wformat=1 -Wdate-time -version -ffile-prefix-map=/home/debian/Lxqt1.3/lxqt-notificationd/lxqt-notificationd-1.3.0=. -fstack-protector-strong -fasynchronous-unwind-tables -o /tmp/ccI0CEll.s]
  ignore line: [GNU C++17 (Debian 12.2.0-14) version 12.2.0 (x86_64-linux-gnu)]
  ignore line: [	compiled by GNU C version 12.2.0  GMP version 6.2.1  MPFR version 4.1.1-p1  MPC version 1.3.1  isl version isl-0.25-GMP]
  ignore line: []
  ignore line: [warning: MPFR header version 4.1.1-p1 differs from library version 4.2.0.]
  ignore line: [GGC heuristics: --param ggc-min-expand=100 --param ggc-min-heapsize=131072]
  ignore line: [ignoring duplicate directory "/usr/include/x86_64-linux-gnu/c++/12"]
  ignore line: [ignoring nonexistent directory "/usr/local/include/x86_64-linux-gnu"]
  ignore line: [ignoring nonexistent directory "/usr/lib/gcc/x86_64-linux-gnu/12/include-fixed"]
  ignore line: [ignoring nonexistent directory "/usr/lib/gcc/x86_64-linux-gnu/12/../../../../x86_64-linux-gnu/include"]
  ignore line: [#include "..." search starts here:]
  ignore line: [#include <...> search starts here:]
  ignore line: [ /usr/include/c++/12]
  ignore line: [ /usr/include/x86_64-linux-gnu/c++/12]
  ignore line: [ /usr/include/c++/12/backward]
  ignore line: [ /usr/lib/gcc/x86_64-linux-gnu/12/include]
  ignore line: [ /usr/local/include]
  ignore line: [ /usr/include/x86_64-linux-gnu]
  ignore line: [ /usr/include]
  ignore line: [End of search list.]
  ignore line: [GNU C++17 (Debian 12.2.0-14) version 12.2.0 (x86_64-linux-gnu)]
  ignore line: [	compiled by GNU C version 12.2.0  GMP version 6.2.1  MPFR version 4.1.1-p1  MPC version 1.3.1  isl version isl-0.25-GMP]
  ignore line: []
  ignore line: [warning: MPFR header version 4.1.1-p1 differs from library version 4.2.0.]
  ignore line: [GGC heuristics: --param ggc-min-expand=100 --param ggc-min-heapsize=131072]
  ignore line: [Compiler executable checksum: 62b090dbbefa50644117a3c13d47369a]
  ignore line: [COLLECT_GCC_OPTIONS='-g' '-O2' '-ffile-prefix-map=/home/debian/Lxqt1.3/lxqt-notificationd/lxqt-notificationd-1.3.0=.' '-fstack-protector-strong' '-Wformat=1' '-Wdate-time' '-D' '_FORTIFY_SOURCE=2' '-v' '-o' 'CMakeFiles/cmTC_e60d6.dir/CMakeCXXCompilerABI.cpp.o' '-c' '-shared-libgcc' '-mtune=generic' '-march=x86-64' '-dumpdir' 'CMakeFiles/cmTC_e60d6.dir/']
  ignore line: [ as -v --gdwarf-5 --64 -o CMakeFiles/cmTC_e60d6.dir/CMakeCXXCompilerABI.cpp.o /tmp/ccI0CEll.s]
  ignore line: [GNU assembler version 2.40 (x86_64-linux-gnu) using BFD version (GNU Binutils for Debian) 2.40]
  ignore line: [COMPILER_PATH=/usr/lib/gcc/x86_64-linux-gnu/12/:/usr/lib/gcc/x86_64-linux-gnu/12/:/usr/lib/gcc/x86_64-linux-gnu/:/usr/lib/gcc/x86_64-linux-gnu/12/:/usr/lib/gcc/x86_64-linux-gnu/]
  ignore line: [LIBRARY_PATH=/usr/lib/gcc/x86_64-linux-gnu/12/:/usr/lib/gcc/x86_64-linux-gnu/12/../../../x86_64-linux-gnu/:/usr/lib/gcc/x86_64-linux-gnu/12/../../../../lib/:/lib/x86_64-linux-gnu/:/lib/../lib/:/usr/lib/x86_64-linux-gnu/:/usr/lib/../lib/:/usr/lib/gcc/x86_64-linux-gnu/12/../../../:/lib/:/usr/lib/]
  ignore line: [COLLECT_GCC_OPTIONS='-g' '-O2' '-ffile-prefix-map=/home/debian/Lxqt1.3/lxqt-notificationd/lxqt-notificationd-1.3.0=.' '-fstack-protector-strong' '-Wformat=1' '-Wdate-time' '-D' '_FORTIFY_SOURCE=2' '-v' '-o' 'CMakeFiles/cmTC_e60d6.dir/CMakeCXXCompilerABI.cpp.o' '-c' '-shared-libgcc' '-mtune=generic' '-march=x86-64' '-dumpdir' 'CMakeFiles/cmTC_e60d6.dir/CMakeCXXCompilerABI.cpp.']
  ignore line: [Linking CXX executable cmTC_e60d6]
  ignore line: [/usr/bin/cmake -E cmake_link_script CMakeFiles/cmTC_e60d6.dir/link.txt --verbose=1]
  ignore line: [/usr/bin/c++ -g -O2 -ffile-prefix-map=/home/debian/Lxqt1.3/lxqt-notificationd/lxqt-notificationd-1.3.0=. -fstack-protector-strong -Wformat -Wdate-time -D_FORTIFY_SOURCE=2  -Wl -z relro -Wl -z now -v -rdynamic CMakeFiles/cmTC_e60d6.dir/CMakeCXXCompilerABI.cpp.o -o cmTC_e60d6 ]
  ignore line: [Using built-in specs.]
  ignore line: [COLLECT_GCC=/usr/bin/c++]
  ignore line: [COLLECT_LTO_WRAPPER=/usr/lib/gcc/x86_64-linux-gnu/12/lto-wrapper]
  ignore line: [OFFLOAD_TARGET_NAMES=nvptx-none:amdgcn-amdhsa]
  ignore line: [OFFLOAD_TARGET_DEFAULT=1]
  ignore line: [Target: x86_64-linux-gnu]
  ignore line: [Configured with: ../src/configure -v --with-pkgversion='Debian 12.2.0-14' --with-bugurl=file:///usr/share/doc/gcc-12/README.Bugs --enable-languages=c ada c++ go d fortran objc obj-c++ m2 --prefix=/usr --with-gcc-major-version-only --program-suffix=-12 --program-prefix=x86_64-linux-gnu- --enable-shared --enable-linker-build-id --libexecdir=/usr/lib --without-included-gettext --enable-threads=posix --libdir=/usr/lib --enable-nls --enable-clocale=gnu --enable-libstdcxx-debug --enable-libstdcxx-time=yes --with-default-libstdcxx-abi=new --enable-gnu-unique-object --disable-vtable-verify --enable-plugin --enable-default-pie --with-system-zlib --enable-libphobos-checking=release --with-target-system-zlib=auto --enable-objc-gc=auto --enable-multiarch --disable-werror --enable-cet --with-arch-32=i686 --with-abi=m64 --with-multilib-list=m32 m64 mx32 --enable-multilib --with-tune=generic --enable-offload-targets=nvptx-none=/build/gcc-12-bTRWOB/gcc-12-12.2.0/debian/tmp-nvptx/usr amdgcn-amdhsa=/build/gcc-12-bTRWOB/gcc-12-12.2.0/debian/tmp-gcn/usr --enable-offload-defaulted --without-cuda-driver --enable-checking=release --build=x86_64-linux-gnu --host=x86_64-linux-gnu --target=x86_64-linux-gnu]
  ignore line: [Thread model: posix]
  ignore line: [Supported LTO compression algorithms: zlib zstd]
  ignore line: [gcc version 12.2.0 (Debian 12.2.0-14) ]
  ignore line: [COMPILER_PATH=/usr/lib/gcc/x86_64-linux-gnu/12/:/usr/lib/gcc/x86_64-linux-gnu/12/:/usr/lib/gcc/x86_64-linux-gnu/:/usr/lib/gcc/x86_64-linux-gnu/12/:/usr/lib/gcc/x86_64-linux-gnu/]
  ignore line: [LIBRARY_PATH=/usr/lib/gcc/x86_64-linux-gnu/12/:/usr/lib/gcc/x86_64-linux-gnu/12/../../../x86_64-linux-gnu/:/usr/lib/gcc/x86_64-linux-gnu/12/../../../../lib/:/lib/x86_64-linux-gnu/:/lib/../lib/:/usr/lib/x86_64-linux-gnu/:/usr/lib/../lib/:/usr/lib/gcc/x86_64-linux-gnu/12/../../../:/lib/:/usr/lib/]
  ignore line: [COLLECT_GCC_OPTIONS='-g' '-O2' '-ffile-prefix-map=/home/debian/Lxqt1.3/lxqt-notificationd/lxqt-notificationd-1.3.0=.' '-fstack-protector-strong' '-Wformat=1' '-Wdate-time' '-D' '_FORTIFY_SOURCE=2' '-v' '-rdynamic' '-o' 'cmTC_e60d6' '-shared-libgcc' '-mtune=generic' '-march=x86-64' '-dumpdir' 'cmTC_e60d6.']
  link line: [ /usr/lib/gcc/x86_64-linux-gnu/12/collect2 -plugin /usr/lib/gcc/x86_64-linux-gnu/12/liblto_plugin.so -plugin-opt=/usr/lib/gcc/x86_64-linux-gnu/12/lto-wrapper -plugin-opt=-fresolution=/tmp/ccu1if2y.res -plugin-opt=-pass-through=-lgcc_s -plugin-opt=-pass-through=-lgcc -plugin-opt=-pass-through=-lc -plugin-opt=-pass-through=-lgcc_s -plugin-opt=-pass-through=-lgcc --build-id --eh-frame-hdr -m elf_x86_64 --hash-style=gnu --as-needed -export-dynamic -dynamic-linker /lib64/ld-linux-x86-64.so.2 -pie -o cmTC_e60d6 /usr/lib/gcc/x86_64-linux-gnu/12/../../../x86_64-linux-gnu/Scrt1.o /usr/lib/gcc/x86_64-linux-gnu/12/../../../x86_64-linux-gnu/crti.o /usr/lib/gcc/x86_64-linux-gnu/12/crtbeginS.o -L/usr/lib/gcc/x86_64-linux-gnu/12 -L/usr/lib/gcc/x86_64-linux-gnu/12/../../../x86_64-linux-gnu -L/usr/lib/gcc/x86_64-linux-gnu/12/../../../../lib -L/lib/x86_64-linux-gnu -L/lib/../lib -L/usr/lib/x86_64-linux-gnu -L/usr/lib/../lib -L/usr/lib/gcc/x86_64-linux-gnu/12/../../.. -z relro -z now CMakeFiles/cmTC_e60d6.dir/CMakeCXXCompilerABI.cpp.o -lstdc++ -lm -lgcc_s -lgcc -lc -lgcc_s -lgcc /usr/lib/gcc/x86_64-linux-gnu/12/crtendS.o /usr/lib/gcc/x86_64-linux-gnu/12/../../../x86_64-linux-gnu/crtn.o]
    arg [/usr/lib/gcc/x86_64-linux-gnu/12/collect2] ==> ignore
    arg [-plugin] ==> ignore
    arg [/usr/lib/gcc/x86_64-linux-gnu/12/liblto_plugin.so] ==> ignore
    arg [-plugin-opt=/usr/lib/gcc/x86_64-linux-gnu/12/lto-wrapper] ==> ignore
    arg [-plugin-opt=-fresolution=/tmp/ccu1if2y.res] ==> ignore
    arg [-plugin-opt=-pass-through=-lgcc_s] ==> ignore
    arg [-plugin-opt=-pass-through=-lgcc] ==> ignore
    arg [-plugin-opt=-pass-through=-lc] ==> ignore
    arg [-plugin-opt=-pass-through=-lgcc_s] ==> ignore
    arg [-plugin-opt=-pass-through=-lgcc] ==> ignore
    arg [--build-id] ==> ignore
    arg [--eh-frame-hdr] ==> ignore
    arg [-m] ==> ignore
    arg [elf_x86_64] ==> ignore
    arg [--hash-style=gnu] ==> ignore
    arg [--as-needed] ==> ignore
    arg [-export-dynamic] ==> ignore
    arg [-dynamic-linker] ==> ignore
    arg [/lib64/ld-linux-x86-64.so.2] ==> ignore
    arg [-pie] ==> ignore
    arg [-o] ==> ignore
    arg [cmTC_e60d6] ==> ignore
    arg [/usr/lib/gcc/x86_64-linux-gnu/12/../../../x86_64-linux-gnu/Scrt1.o] ==> obj [/usr/lib/gcc/x86_64-linux-gnu/12/../../../x86_64-linux-gnu/Scrt1.o]
    arg [/usr/lib/gcc/x86_64-linux-gnu/12/../../../x86_64-linux-gnu/crti.o] ==> obj [/usr/lib/gcc/x86_64-linux-gnu/12/../../../x86_64-linux-gnu/crti.o]
    arg [/usr/lib/gcc/x86_64-linux-gnu/12/crtbeginS.o] ==> obj [/usr/lib/gcc/x86_64-linux-gnu/12/crtbeginS.o]
    arg [-L/usr/lib/gcc/x86_64-linux-gnu/12] ==> dir [/usr/lib/gcc/x86_64-linux-gnu/12]
    arg [-L/usr/lib/gcc/x86_64-linux-gnu/12/../../../x86_64-linux-gnu] ==> dir [/usr/lib/gcc/x86_64-linux-gnu/12/../../../x86_64-linux-gnu]
    arg [-L/usr/lib/gcc/x86_64-linux-gnu/12/../../../../lib] ==> dir [/usr/lib/gcc/x86_64-linux-gnu/12/../../../../lib]
    arg [-L/lib/x86_64-linux-gnu] ==> dir [/lib/x86_64-linux-gnu]
    arg [-L/lib/../lib] ==> dir [/lib/../lib]
    arg [-L/usr/lib/x86_64-linux-gnu] ==> dir [/usr/lib/x86_64-linux-gnu]
    arg [-L/usr/lib/../lib] ==> dir [/usr/lib/../lib]
    arg [-L/usr/lib/gcc/x86_64-linux-gnu/12/../../..] ==> dir [/usr/lib/gcc/x86_64-linux-gnu/12/../../..]
    arg [-zrelro] ==> ignore
    arg [-znow] ==> ignore
    arg [CMakeFiles/cmTC_e60d6.dir/CMakeCXXCompilerABI.cpp.o] ==> ignore
    arg [-lstdc++] ==> lib [stdc++]
    arg [-lm] ==> lib [m]
    arg [-lgcc_s] ==> lib [gcc_s]
    arg [-lgcc] ==> lib [gcc]
    arg [-lc] ==> lib [c]
    arg [-lgcc_s] ==> lib [gcc_s]
    arg [-lgcc] ==> lib [gcc]
    arg [/usr/lib/gcc/x86_64-linux-gnu/12/crtendS.o] ==> obj [/usr/lib/gcc/x86_64-linux-gnu/12/crtendS.o]
    arg [/usr/lib/gcc/x86_64-linux-gnu/12/../../../x86_64-linux-gnu/crtn.o] ==> obj [/usr/lib/gcc/x86_64-linux-gnu/12/../../../x86_64-linux-gnu/crtn.o]
  collapse obj [/usr/lib/gcc/x86_64-linux-gnu/12/../../../x86_64-linux-gnu/Scrt1.o] ==> [/usr/lib/x86_64-linux-gnu/Scrt1.o]
  collapse obj [/usr/lib/gcc/x86_64-linux-gnu/12/../../../x86_64-linux-gnu/crti.o] ==> [/usr/lib/x86_64-linux-gnu/crti.o]
  collapse obj [/usr/lib/gcc/x86_64-linux-gnu/12/../../../x86_64-linux-gnu/crtn.o] ==> [/usr/lib/x86_64-linux-gnu/crtn.o]
  collapse library dir [/usr/lib/gcc/x86_64-linux-gnu/12] ==> [/usr/lib/gcc/x86_64-linux-gnu/12]
  collapse library dir [/usr/lib/gcc/x86_64-linux-gnu/12/../../../x86_64-linux-gnu] ==> [/usr/lib/x86_64-linux-gnu]
  collapse library dir [/usr/lib/gcc/x86_64-linux-gnu/12/../../../../lib] ==> [/usr/lib]
  collapse library dir [/lib/x86_64-linux-gnu] ==> [/lib/x86_64-linux-gnu]
  collapse library dir [/lib/../lib] ==> [/lib]
  collapse library dir [/usr/lib/x86_64-linux-gnu] ==> [/usr/lib/x86_64-linux-gnu]
  collapse library dir [/usr/lib/../lib] ==> [/usr/lib]
  collapse library dir [/usr/lib/gcc/x86_64-linux-gnu/12/../../..] ==> [/usr/lib]
  implicit libs: [stdc++;m;gcc_s;gcc;c;gcc_s;gcc]
  implicit objs: [/usr/lib/x86_64-linux-gnu/Scrt1.o;/usr/lib/x86_64-linux-gnu/crti.o;/usr/lib/gcc/x86_64-linux-gnu/12/crtbeginS.o;/usr/lib/gcc/x86_64-linux-gnu/12/crtendS.o;/usr/lib/x86_64-linux-gnu/crtn.o]
  implicit dirs: [/usr/lib/gcc/x86_64-linux-gnu/12;/usr/lib/x86_64-linux-gnu;/usr/lib;/lib/x86_64-linux-gnu;/lib]
  implicit fwks: []


Determining if the function XOpenDisplay exists in the /usr/lib/x86_64-linux-gnu/libX11.so;/usr/lib/x86_64-linux-gnu/libXext.so passed with the following output:
Change Dir: /home/debian/Lxqt1.3/lxqt-notificationd/lxqt-notificationd-1.3.0/obj-x86_64-linux-gnu/CMakeFiles/CMakeScratch/TryCompile-adx057

Run Build Command(s):/usr/bin/gmake -f Makefile cmTC_b03e8/fast && gmake[2]: Entering directory '/home/debian/Lxqt1.3/lxqt-notificationd/lxqt-notificationd-1.3.0/obj-x86_64-linux-gnu/CMakeFiles/CMakeScratch/TryCompile-adx057'
/usr/bin/gmake  -f CMakeFiles/cmTC_b03e8.dir/build.make CMakeFiles/cmTC_b03e8.dir/build
gmake[3]: Entering directory '/home/debian/Lxqt1.3/lxqt-notificationd/lxqt-notificationd-1.3.0/obj-x86_64-linux-gnu/CMakeFiles/CMakeScratch/TryCompile-adx057'
Building C object CMakeFiles/cmTC_b03e8.dir/CheckFunctionExists.c.o
/usr/bin/cc   -g -O2 -ffile-prefix-map=/home/debian/Lxqt1.3/lxqt-notificationd/lxqt-notificationd-1.3.0=. -fstack-protector-strong -Wformat -Werror=format-security -Wdate-time -D_FORTIFY_SOURCE=2 -DCHECK_FUNCTION_EXISTS=XOpenDisplay -fPIE -o CMakeFiles/cmTC_b03e8.dir/CheckFunctionExists.c.o -c /home/debian/Lxqt1.3/lxqt-notificationd/lxqt-notificationd-1.3.0/obj-x86_64-linux-gnu/CMakeFiles/CMakeScratch/TryCompile-adx057/CheckFunctionExists.c
Linking C executable cmTC_b03e8
/usr/bin/cmake -E cmake_link_script CMakeFiles/cmTC_b03e8.dir/link.txt --verbose=1
/usr/bin/cc -g -O2 -ffile-prefix-map=/home/debian/Lxqt1.3/lxqt-notificationd/lxqt-notificationd-1.3.0=. -fstack-protector-strong -Wformat -Werror=format-security -Wdate-time -D_FORTIFY_SOURCE=2 -DCHECK_FUNCTION_EXISTS=XOpenDisplay -Wl,-z,relro -Wl,-z,now  -rdynamic CMakeFiles/cmTC_b03e8.dir/CheckFunctionExists.c.o -o cmTC_b03e8  /usr/lib/x86_64-linux-gnu/libX11.so /usr/lib/x86_64-linux-gnu/libXext.so 
gmake[3]: Leaving directory '/home/debian/Lxqt1.3/lxqt-notificationd/lxqt-notificationd-1.3.0/obj-x86_64-linux-gnu/CMakeFiles/CMakeScratch/TryCompile-adx057'
gmake[2]: Leaving directory '/home/debian/Lxqt1.3/lxqt-notificationd/lxqt-notificationd-1.3.0/obj-x86_64-linux-gnu/CMakeFiles/CMakeScratch/TryCompile-adx057'



Determining if the function gethostbyname exists passed with the following output:
Change Dir: /home/debian/Lxqt1.3/lxqt-notificationd/lxqt-notificationd-1.3.0/obj-x86_64-linux-gnu/CMakeFiles/CMakeScratch/TryCompile-KZ2V0e

Run Build Command(s):/usr/bin/gmake -f Makefile cmTC_e855c/fast && gmake[2]: Entering directory '/home/debian/Lxqt1.3/lxqt-notificationd/lxqt-notificationd-1.3.0/obj-x86_64-linux-gnu/CMakeFiles/CMakeScratch/TryCompile-KZ2V0e'
/usr/bin/gmake  -f CMakeFiles/cmTC_e855c.dir/build.make CMakeFiles/cmTC_e855c.dir/build
gmake[3]: Entering directory '/home/debian/Lxqt1.3/lxqt-notificationd/lxqt-notificationd-1.3.0/obj-x86_64-linux-gnu/CMakeFiles/CMakeScratch/TryCompile-KZ2V0e'
Building C object CMakeFiles/cmTC_e855c.dir/CheckFunctionExists.c.o
/usr/bin/cc   -g -O2 -ffile-prefix-map=/home/debian/Lxqt1.3/lxqt-notificationd/lxqt-notificationd-1.3.0=. -fstack-protector-strong -Wformat -Werror=format-security -Wdate-time -D_FORTIFY_SOURCE=2 -DCHECK_FUNCTION_EXISTS=gethostbyname -fPIE -o CMakeFiles/cmTC_e855c.dir/CheckFunctionExists.c.o -c /home/debian/Lxqt1.3/lxqt-notificationd/lxqt-notificationd-1.3.0/obj-x86_64-linux-gnu/CMakeFiles/CMakeScratch/TryCompile-KZ2V0e/CheckFunctionExists.c
Linking C executable cmTC_e855c
/usr/bin/cmake -E cmake_link_script CMakeFiles/cmTC_e855c.dir/link.txt --verbose=1
/usr/bin/cc -g -O2 -ffile-prefix-map=/home/debian/Lxqt1.3/lxqt-notificationd/lxqt-notificationd-1.3.0=. -fstack-protector-strong -Wformat -Werror=format-security -Wdate-time -D_FORTIFY_SOURCE=2 -DCHECK_FUNCTION_EXISTS=gethostbyname -Wl,-z,relro -Wl,-z,now  -rdynamic CMakeFiles/cmTC_e855c.dir/CheckFunctionExists.c.o -o cmTC_e855c 
gmake[3]: Leaving directory '/home/debian/Lxqt1.3/lxqt-notificationd/lxqt-notificationd-1.3.0/obj-x86_64-linux-gnu/CMakeFiles/CMakeScratch/TryCompile-KZ2V0e'
gmake[2]: Leaving directory '/home/debian/Lxqt1.3/lxqt-notificationd/lxqt-notificationd-1.3.0/obj-x86_64-linux-gnu/CMakeFiles/CMakeScratch/TryCompile-KZ2V0e'



Determining if the function connect exists passed with the following output:
Change Dir: /home/debian/Lxqt1.3/lxqt-notificationd/lxqt-notificationd-1.3.0/obj-x86_64-linux-gnu/CMakeFiles/CMakeScratch/TryCompile-losAWU

Run Build Command(s):/usr/bin/gmake -f Makefile cmTC_3eafe/fast && gmake[2]: Entering directory '/home/debian/Lxqt1.3/lxqt-notificationd/lxqt-notificationd-1.3.0/obj-x86_64-linux-gnu/CMakeFiles/CMakeScratch/TryCompile-losAWU'
/usr/bin/gmake  -f CMakeFiles/cmTC_3eafe.dir/build.make CMakeFiles/cmTC_3eafe.dir/build
gmake[3]: Entering directory '/home/debian/Lxqt1.3/lxqt-notificationd/lxqt-notificationd-1.3.0/obj-x86_64-linux-gnu/CMakeFiles/CMakeScratch/TryCompile-losAWU'
Building C object CMakeFiles/cmTC_3eafe.dir/CheckFunctionExists.c.o
/usr/bin/cc   -g -O2 -ffile-prefix-map=/home/debian/Lxqt1.3/lxqt-notificationd/lxqt-notificationd-1.3.0=. -fstack-protector-strong -Wformat -Werror=format-security -Wdate-time -D_FORTIFY_SOURCE=2 -DCHECK_FUNCTION_EXISTS=connect -fPIE -o CMakeFiles/cmTC_3eafe.dir/CheckFunctionExists.c.o -c /home/debian/Lxqt1.3/lxqt-notificationd/lxqt-notificationd-1.3.0/obj-x86_64-linux-gnu/CMakeFiles/CMakeScratch/TryCompile-losAWU/CheckFunctionExists.c
Linking C executable cmTC_3eafe
/usr/bin/cmake -E cmake_link_script CMakeFiles/cmTC_3eafe.dir/link.txt --verbose=1
/usr/bin/cc -g -O2 -ffile-prefix-map=/home/debian/Lxqt1.3/lxqt-notificationd/lxqt-notificationd-1.3.0=. -fstack-protector-strong -Wformat -Werror=format-security -Wdate-time -D_FORTIFY_SOURCE=2 -DCHECK_FUNCTION_EXISTS=connect -Wl,-z,relro -Wl,-z,now  -rdynamic CMakeFiles/cmTC_3eafe.dir/CheckFunctionExists.c.o -o cmTC_3eafe 
gmake[3]: Leaving directory '/home/debian/Lxqt1.3/lxqt-notificationd/lxqt-notificationd-1.3.0/obj-x86_64-linux-gnu/CMakeFiles/CMakeScratch/TryCompile-losAWU'
gmake[2]: Leaving directory '/home/debian/Lxqt1.3/lxqt-notificationd/lxqt-notificationd-1.3.0/obj-x86_64-linux-gnu/CMakeFiles/CMakeScratch/TryCompile-losAWU'



Determining if the function remove exists passed with the following output:
Change Dir: /home/debian/Lxqt1.3/lxqt-notificationd/lxqt-notificationd-1.3.0/obj-x86_64-linux-gnu/CMakeFiles/CMakeScratch/TryCompile-3f1Wx4

Run Build Command(s):/usr/bin/gmake -f Makefile cmTC_663c5/fast && gmake[2]: Entering directory '/home/debian/Lxqt1.3/lxqt-notificationd/lxqt-notificationd-1.3.0/obj-x86_64-linux-gnu/CMakeFiles/CMakeScratch/TryCompile-3f1Wx4'
/usr/bin/gmake  -f CMakeFiles/cmTC_663c5.dir/build.make CMakeFiles/cmTC_663c5.dir/build
gmake[3]: Entering directory '/home/debian/Lxqt1.3/lxqt-notificationd/lxqt-notificationd-1.3.0/obj-x86_64-linux-gnu/CMakeFiles/CMakeScratch/TryCompile-3f1Wx4'
Building C object CMakeFiles/cmTC_663c5.dir/CheckFunctionExists.c.o
/usr/bin/cc   -g -O2 -ffile-prefix-map=/home/debian/Lxqt1.3/lxqt-notificationd/lxqt-notificationd-1.3.0=. -fstack-protector-strong -Wformat -Werror=format-security -Wdate-time -D_FORTIFY_SOURCE=2 -DCHECK_FUNCTION_EXISTS=remove -fPIE -o CMakeFiles/cmTC_663c5.dir/CheckFunctionExists.c.o -c /home/debian/Lxqt1.3/lxqt-notificationd/lxqt-notificationd-1.3.0/obj-x86_64-linux-gnu/CMakeFiles/CMakeScratch/TryCompile-3f1Wx4/CheckFunctionExists.c
Linking C executable cmTC_663c5
/usr/bin/cmake -E cmake_link_script CMakeFiles/cmTC_663c5.dir/link.txt --verbose=1
/usr/bin/cc -g -O2 -ffile-prefix-map=/home/debian/Lxqt1.3/lxqt-notificationd/lxqt-notificationd-1.3.0=. -fstack-protector-strong -Wformat -Werror=format-security -Wdate-time -D_FORTIFY_SOURCE=2 -DCHECK_FUNCTION_EXISTS=remove -Wl,-z,relro -Wl,-z,now  -rdynamic CMakeFiles/cmTC_663c5.dir/CheckFunctionExists.c.o -o cmTC_663c5 
gmake[3]: Leaving directory '/home/debian/Lxqt1.3/lxqt-notificationd/lxqt-notificationd-1.3.0/obj-x86_64-linux-gnu/CMakeFiles/CMakeScratch/TryCompile-3f1Wx4'
gmake[2]: Leaving directory '/home/debian/Lxqt1.3/lxqt-notificationd/lxqt-notificationd-1.3.0/obj-x86_64-linux-gnu/CMakeFiles/CMakeScratch/TryCompile-3f1Wx4'



Determining if the function shmat exists passed with the following output:
Change Dir: /home/debian/Lxqt1.3/lxqt-notificationd/lxqt-notificationd-1.3.0/obj-x86_64-linux-gnu/CMakeFiles/CMakeScratch/TryCompile-B6LEp2

Run Build Command(s):/usr/bin/gmake -f Makefile cmTC_d5b35/fast && gmake[2]: Entering directory '/home/debian/Lxqt1.3/lxqt-notificationd/lxqt-notificationd-1.3.0/obj-x86_64-linux-gnu/CMakeFiles/CMakeScratch/TryCompile-B6LEp2'
/usr/bin/gmake  -f CMakeFiles/cmTC_d5b35.dir/build.make CMakeFiles/cmTC_d5b35.dir/build
gmake[3]: Entering directory '/home/debian/Lxqt1.3/lxqt-notificationd/lxqt-notificationd-1.3.0/obj-x86_64-linux-gnu/CMakeFiles/CMakeScratch/TryCompile-B6LEp2'
Building C object CMakeFiles/cmTC_d5b35.dir/CheckFunctionExists.c.o
/usr/bin/cc   -g -O2 -ffile-prefix-map=/home/debian/Lxqt1.3/lxqt-notificationd/lxqt-notificationd-1.3.0=. -fstack-protector-strong -Wformat -Werror=format-security -Wdate-time -D_FORTIFY_SOURCE=2 -DCHECK_FUNCTION_EXISTS=shmat -fPIE -o CMakeFiles/cmTC_d5b35.dir/CheckFunctionExists.c.o -c /home/debian/Lxqt1.3/lxqt-notificationd/lxqt-notificationd-1.3.0/obj-x86_64-linux-gnu/CMakeFiles/CMakeScratch/TryCompile-B6LEp2/CheckFunctionExists.c
Linking C executable cmTC_d5b35
/usr/bin/cmake -E cmake_link_script CMakeFiles/cmTC_d5b35.dir/link.txt --verbose=1
/usr/bin/cc -g -O2 -ffile-prefix-map=/home/debian/Lxqt1.3/lxqt-notificationd/lxqt-notificationd-1.3.0=. -fstack-protector-strong -Wformat -Werror=format-security -Wdate-time -D_FORTIFY_SOURCE=2 -DCHECK_FUNCTION_EXISTS=shmat -Wl,-z,relro -Wl,-z,now  -rdynamic CMakeFiles/cmTC_d5b35.dir/CheckFunctionExists.c.o -o cmTC_d5b35 
gmake[3]: Leaving directory '/home/debian/Lxqt1.3/lxqt-notificationd/lxqt-notificationd-1.3.0/obj-x86_64-linux-gnu/CMakeFiles/CMakeScratch/TryCompile-B6LEp2'
gmake[2]: Leaving directory '/home/debian/Lxqt1.3/lxqt-notificationd/lxqt-notificationd-1.3.0/obj-x86_64-linux-gnu/CMakeFiles/CMakeScratch/TryCompile-B6LEp2'



